{
  "C:\\Users\\user1\\Desktop\\files\\fronted\\Git-github\\angular-tour-of-heroes\\src\\polyfills.ts": {
    "path": "C:\\Users\\user1\\Desktop\\files\\fronted\\Git-github\\angular-tour-of-heroes\\src\\polyfills.ts",
    "statementMap": {},
    "fnMap": {},
    "branchMap": {},
    "s": {},
    "f": {},
    "b": {},
    "inputSourceMap": {
      "version": 3,
      "file": "polyfills.js",
      "sourceRoot": "",
      "sources": [
        "C:\\Users\\user1\\Desktop\\files\\fronted\\Git-github\\angular-tour-of-heroes\\src\\polyfills.ts"
      ],
      "names": [],
      "mappings": "AAAA;;;;;;;;;;;;;;GAcG;AAEH;;GAEG;AAEH,+EAA+E;AAC/E,oEAAoE;AAEpE;;;;GAIG;AACH,8EAA8E;AAE9E;;;;;;;;;;;;;;;;;;;;;;GAsBG;AAEH;;GAEG;AACH,OAAO,mBAAmB,CAAC,CAAE,6BAA6B;AAG1D;;GAEG",
      "sourcesContent": [
        "/**\n * This file includes polyfills needed by Angular and is loaded before the app.\n * You can add your own extra polyfills to this file.\n *\n * This file is divided into 2 sections:\n *   1. Browser polyfills. These are applied before loading ZoneJS and are sorted by browsers.\n *   2. Application imports. Files imported after ZoneJS that should be loaded before your main\n *      file.\n *\n * The current setup is for so-called \"evergreen\" browsers; the last versions of browsers that\n * automatically update themselves. This includes Safari >= 10, Chrome >= 55 (including Opera),\n * Edge >= 13 on the desktop, and iOS 10 and Chrome on mobile.\n *\n * Learn more in https://angular.io/guide/browser-support\n */\n\n/***************************************************************************************************\n * BROWSER POLYFILLS\n */\n\n/** IE10 and IE11 requires the following for NgClass support on SVG elements */\n// import 'classlist.js';  // Run `npm install --save classlist.js`.\n\n/**\n * Web Animations `@angular/platform-browser/animations`\n * Only required if AnimationBuilder is used within the application and using IE/Edge or Safari.\n * Standard animation support in Angular DOES NOT require any polyfills (as of Angular 6.0).\n */\n// import 'web-animations-js';  // Run `npm install --save web-animations-js`.\n\n/**\n * By default, zone.js will patch all possible macroTask and DomEvents\n * user can disable parts of macroTask/DomEvents patch by setting following flags\n * because those flags need to be set before `zone.js` being loaded, and webpack\n * will put import in the top of bundle, so user need to create a separate file\n * in this directory (for example: zone-flags.ts), and put the following flags\n * into that file, and then add the following code before importing zone.js.\n * import './zone-flags';\n *\n * The flags allowed in zone-flags.ts are listed here.\n *\n * The following flags will work for all browsers.\n *\n * (window as any).__Zone_disable_requestAnimationFrame = true; // disable patch requestAnimationFrame\n * (window as any).__Zone_disable_on_property = true; // disable patch onProperty such as onclick\n * (window as any).__zone_symbol__UNPATCHED_EVENTS = ['scroll', 'mousemove']; // disable patch specified eventNames\n *\n *  in IE/Edge developer tools, the addEventListener will also be wrapped by zone.js\n *  with the following flag, it will bypass `zone.js` patch for IE/Edge\n *\n *  (window as any).__Zone_enable_cross_context_check = true;\n *\n */\n\n/***************************************************************************************************\n * Zone JS is required by default for Angular itself.\n */\nimport 'zone.js/dist/zone';  // Included with Angular CLI.\n\n\n/***************************************************************************************************\n * APPLICATION IMPORTS\n */\n"
      ]
    },
    "_coverageSchema": "332fd63041d2c1bcb487cc26dd0d5f7d97098a6c",
    "hash": "c377a2b4bcda36b635bfb3a4232069c1ed4f837e"
  },
  "C:\\Users\\user1\\Desktop\\files\\fronted\\Git-github\\angular-tour-of-heroes\\src\\environments\\environment.ts": {
    "path": "C:\\Users\\user1\\Desktop\\files\\fronted\\Git-github\\angular-tour-of-heroes\\src\\environments\\environment.ts",
    "statementMap": {
      "0": {
        "start": {
          "line": 4,
          "column": 27
        },
        "end": {
          "line": 6,
          "column": 1
        }
      }
    },
    "fnMap": {},
    "branchMap": {},
    "s": {
      "0": 3
    },
    "f": {},
    "b": {},
    "inputSourceMap": {
      "version": 3,
      "file": "environment.js",
      "sourceRoot": "",
      "sources": [
        "C:\\Users\\user1\\Desktop\\files\\fronted\\Git-github\\angular-tour-of-heroes\\src\\environments\\environment.ts"
      ],
      "names": [],
      "mappings": "AAAA,gFAAgF;AAChF,0EAA0E;AAC1E,gEAAgE;AAEhE,MAAM,CAAC,MAAM,WAAW,GAAG;IACzB,UAAU,EAAE,KAAK;CAClB,CAAC;AAEF;;;;;;GAMG;AACH,mEAAmE",
      "sourcesContent": [
        "// This file can be replaced during build by using the `fileReplacements` array.\n// `ng build --prod` replaces `environment.ts` with `environment.prod.ts`.\n// The list of file replacements can be found in `angular.json`.\n\nexport const environment = {\n  production: false\n};\n\n/*\n * For easier debugging in development mode, you can import the following file\n * to ignore zone related error stack frames such as `zone.run`, `zoneDelegate.invokeTask`.\n *\n * This import should be commented out in production mode because it will have a negative impact\n * on performance if an error is thrown.\n */\n// import 'zone.js/dist/zone-error';  // Included with Angular CLI.\n"
      ]
    },
    "_coverageSchema": "332fd63041d2c1bcb487cc26dd0d5f7d97098a6c",
    "hash": "d2980655400406305dc3bc6118c37542e7861dc4"
  },
  "C:\\Users\\user1\\Desktop\\files\\fronted\\Git-github\\angular-tour-of-heroes\\src\\app\\message.service.ts": {
    "path": "C:\\Users\\user1\\Desktop\\files\\fronted\\Git-github\\angular-tour-of-heroes\\src\\app\\message.service.ts",
    "statementMap": {
      "0": {
        "start": {
          "line": 5,
          "column": 8
        },
        "end": {
          "line": 5,
          "column": 27
        }
      },
      "1": {
        "start": {
          "line": 8,
          "column": 8
        },
        "end": {
          "line": 8,
          "column": 36
        }
      },
      "2": {
        "start": {
          "line": 11,
          "column": 8
        },
        "end": {
          "line": 11,
          "column": 27
        }
      },
      "3": {
        "start": {
          "line": 14,
          "column": 0
        },
        "end": {
          "line": 14,
          "column": 97
        }
      },
      "4": {
        "start": {
          "line": 14,
          "column": 59
        },
        "end": {
          "line": 14,
          "column": 94
        }
      },
      "5": {
        "start": {
          "line": 15,
          "column": 0
        },
        "end": {
          "line": 15,
          "column": 122
        }
      },
      "6": {
        "start": {
          "line": 16,
          "column": 14
        },
        "end": {
          "line": 21,
          "column": 26
        }
      },
      "7": {
        "start": {
          "line": 16,
          "column": 29
        },
        "end": {
          "line": 21,
          "column": 20
        }
      }
    },
    "fnMap": {
      "0": {
        "name": "(anonymous_0)",
        "decl": {
          "start": {
            "line": 4,
            "column": 4
          },
          "end": {
            "line": 4,
            "column": 5
          }
        },
        "loc": {
          "start": {
            "line": 4,
            "column": 18
          },
          "end": {
            "line": 6,
            "column": 5
          }
        },
        "line": 4
      },
      "1": {
        "name": "(anonymous_1)",
        "decl": {
          "start": {
            "line": 7,
            "column": 4
          },
          "end": {
            "line": 7,
            "column": 5
          }
        },
        "loc": {
          "start": {
            "line": 7,
            "column": 17
          },
          "end": {
            "line": 9,
            "column": 5
          }
        },
        "line": 7
      },
      "2": {
        "name": "(anonymous_2)",
        "decl": {
          "start": {
            "line": 10,
            "column": 4
          },
          "end": {
            "line": 10,
            "column": 5
          }
        },
        "loc": {
          "start": {
            "line": 10,
            "column": 12
          },
          "end": {
            "line": 12,
            "column": 5
          }
        },
        "line": 10
      },
      "3": {
        "name": "MessageService_Factory",
        "decl": {
          "start": {
            "line": 14,
            "column": 31
          },
          "end": {
            "line": 14,
            "column": 53
          }
        },
        "loc": {
          "start": {
            "line": 14,
            "column": 57
          },
          "end": {
            "line": 14,
            "column": 96
          }
        },
        "line": 14
      },
      "4": {
        "name": "(anonymous_4)",
        "decl": {
          "start": {
            "line": 16,
            "column": 15
          },
          "end": {
            "line": 16,
            "column": 16
          }
        },
        "loc": {
          "start": {
            "line": 16,
            "column": 27
          },
          "end": {
            "line": 21,
            "column": 22
          }
        },
        "line": 16
      }
    },
    "branchMap": {
      "0": {
        "loc": {
          "start": {
            "line": 14,
            "column": 71
          },
          "end": {
            "line": 14,
            "column": 90
          }
        },
        "type": "binary-expr",
        "locations": [
          {
            "start": {
              "line": 14,
              "column": 71
            },
            "end": {
              "line": 14,
              "column": 72
            }
          },
          {
            "start": {
              "line": 14,
              "column": 76
            },
            "end": {
              "line": 14,
              "column": 90
            }
          }
        ],
        "line": 14
      }
    },
    "s": {
      "0": 3,
      "1": 12,
      "2": 0,
      "3": 3,
      "4": 3,
      "5": 3,
      "6": 3,
      "7": 3
    },
    "f": {
      "0": 3,
      "1": 12,
      "2": 0,
      "3": 3,
      "4": 3
    },
    "b": {
      "0": [
        3,
        3
      ]
    },
    "inputSourceMap": {
      "version": 3,
      "file": "message.service.js",
      "sourceRoot": "",
      "sources": [
        "C:\\Users\\user1\\Desktop\\files\\fronted\\Git-github\\angular-tour-of-heroes\\src\\app\\message.service.ts"
      ],
      "names": [],
      "mappings": "AAAA,OAAO,EAAE,UAAU,EAAE,MAAM,eAAe,CAAC;;AAK3C,MAAM,OAAO,cAAc;IAH3B;QAIE,aAAQ,GAAa,EAAE,CAAC;KASzB;IAPC,GAAG,CAAC,OAAe;QACjB,IAAI,CAAC,QAAQ,CAAC,IAAI,CAAC,OAAO,CAAC,CAAC;IAC9B,CAAC;IAED,KAAK;QACH,IAAI,CAAC,QAAQ,GAAG,EAAE,CAAC;IACrB,CAAC;;4EATU,cAAc;sDAAd,cAAc,WAAd,cAAc,mBAFb,MAAM;kDAEP,cAAc;cAH1B,UAAU;eAAC;gBACV,UAAU,EAAE,MAAM;aACnB",
      "sourcesContent": [
        "import { Injectable } from '@angular/core';\n\n@Injectable({\n  providedIn: 'root',\n})\nexport class MessageService {\n  messages: string[] = [];\n\n  add(message: string) {\n    this.messages.push(message);\n  }\n\n  clear() {\n    this.messages = [];\n  }\n}"
      ]
    },
    "_coverageSchema": "332fd63041d2c1bcb487cc26dd0d5f7d97098a6c",
    "hash": "daba7d470b91d13c7045401b43d75ff0415bbb9b"
  },
  "C:\\Users\\user1\\Desktop\\files\\fronted\\Git-github\\angular-tour-of-heroes\\src\\app\\hero.service.ts": {
    "path": "C:\\Users\\user1\\Desktop\\files\\fronted\\Git-github\\angular-tour-of-heroes\\src\\app\\hero.service.ts",
    "statementMap": {
      "0": {
        "start": {
          "line": 10,
          "column": 8
        },
        "end": {
          "line": 10,
          "column": 45
        }
      },
      "1": {
        "start": {
          "line": 11,
          "column": 8
        },
        "end": {
          "line": 11,
          "column": 25
        }
      },
      "2": {
        "start": {
          "line": 12,
          "column": 8
        },
        "end": {
          "line": 14,
          "column": 10
        }
      },
      "3": {
        "start": {
          "line": 15,
          "column": 8
        },
        "end": {
          "line": 15,
          "column": 38
        }
      },
      "4": {
        "start": {
          "line": 18,
          "column": 8
        },
        "end": {
          "line": 18,
          "column": 59
        }
      },
      "5": {
        "start": {
          "line": 22,
          "column": 8
        },
        "end": {
          "line": 23,
          "column": 103
        }
      },
      "6": {
        "start": {
          "line": 23,
          "column": 27
        },
        "end": {
          "line": 23,
          "column": 53
        }
      },
      "7": {
        "start": {
          "line": 32,
          "column": 8
        },
        "end": {
          "line": 39,
          "column": 10
        }
      },
      "8": {
        "start": {
          "line": 34,
          "column": 12
        },
        "end": {
          "line": 34,
          "column": 33
        }
      },
      "9": {
        "start": {
          "line": 36,
          "column": 12
        },
        "end": {
          "line": 36,
          "column": 62
        }
      },
      "10": {
        "start": {
          "line": 38,
          "column": 12
        },
        "end": {
          "line": 38,
          "column": 30
        }
      },
      "11": {
        "start": {
          "line": 43,
          "column": 20
        },
        "end": {
          "line": 43,
          "column": 49
        }
      },
      "12": {
        "start": {
          "line": 44,
          "column": 8
        },
        "end": {
          "line": 49,
          "column": 62
        }
      },
      "13": {
        "start": {
          "line": 45,
          "column": 32
        },
        "end": {
          "line": 45,
          "column": 41
        }
      },
      "14": {
        "start": {
          "line": 47,
          "column": 28
        },
        "end": {
          "line": 47,
          "column": 58
        }
      },
      "15": {
        "start": {
          "line": 48,
          "column": 12
        },
        "end": {
          "line": 48,
          "column": 49
        }
      },
      "16": {
        "start": {
          "line": 53,
          "column": 20
        },
        "end": {
          "line": 53,
          "column": 45
        }
      },
      "17": {
        "start": {
          "line": 54,
          "column": 8
        },
        "end": {
          "line": 54,
          "column": 134
        }
      },
      "18": {
        "start": {
          "line": 54,
          "column": 48
        },
        "end": {
          "line": 54,
          "column": 81
        }
      },
      "19": {
        "start": {
          "line": 58,
          "column": 8
        },
        "end": {
          "line": 58,
          "column": 168
        }
      },
      "20": {
        "start": {
          "line": 58,
          "column": 83
        },
        "end": {
          "line": 58,
          "column": 121
        }
      },
      "21": {
        "start": {
          "line": 62,
          "column": 8
        },
        "end": {
          "line": 62,
          "column": 178
        }
      },
      "22": {
        "start": {
          "line": 62,
          "column": 92
        },
        "end": {
          "line": 62,
          "column": 134
        }
      },
      "23": {
        "start": {
          "line": 66,
          "column": 19
        },
        "end": {
          "line": 66,
          "column": 60
        }
      },
      "24": {
        "start": {
          "line": 67,
          "column": 20
        },
        "end": {
          "line": 67,
          "column": 45
        }
      },
      "25": {
        "start": {
          "line": 68,
          "column": 8
        },
        "end": {
          "line": 68,
          "column": 149
        }
      },
      "26": {
        "start": {
          "line": 68,
          "column": 69
        },
        "end": {
          "line": 68,
          "column": 102
        }
      },
      "27": {
        "start": {
          "line": 72,
          "column": 8
        },
        "end": {
          "line": 75,
          "column": 9
        }
      },
      "28": {
        "start": {
          "line": 74,
          "column": 12
        },
        "end": {
          "line": 74,
          "column": 26
        }
      },
      "29": {
        "start": {
          "line": 76,
          "column": 8
        },
        "end": {
          "line": 78,
          "column": 105
        }
      },
      "30": {
        "start": {
          "line": 76,
          "column": 78
        },
        "end": {
          "line": 78,
          "column": 52
        }
      },
      "31": {
        "start": {
          "line": 81,
          "column": 0
        },
        "end": {
          "line": 81,
          "column": 146
        }
      },
      "32": {
        "start": {
          "line": 81,
          "column": 53
        },
        "end": {
          "line": 81,
          "column": 143
        }
      },
      "33": {
        "start": {
          "line": 82,
          "column": 0
        },
        "end": {
          "line": 82,
          "column": 113
        }
      },
      "34": {
        "start": {
          "line": 83,
          "column": 14
        },
        "end": {
          "line": 88,
          "column": 100
        }
      },
      "35": {
        "start": {
          "line": 83,
          "column": 29
        },
        "end": {
          "line": 88,
          "column": 94
        }
      },
      "36": {
        "start": {
          "line": 88,
          "column": 22
        },
        "end": {
          "line": 88,
          "column": 84
        }
      }
    },
    "fnMap": {
      "0": {
        "name": "(anonymous_0)",
        "decl": {
          "start": {
            "line": 9,
            "column": 4
          },
          "end": {
            "line": 9,
            "column": 5
          }
        },
        "loc": {
          "start": {
            "line": 9,
            "column": 38
          },
          "end": {
            "line": 16,
            "column": 5
          }
        },
        "line": 9
      },
      "1": {
        "name": "(anonymous_1)",
        "decl": {
          "start": {
            "line": 17,
            "column": 4
          },
          "end": {
            "line": 17,
            "column": 5
          }
        },
        "loc": {
          "start": {
            "line": 17,
            "column": 17
          },
          "end": {
            "line": 19,
            "column": 5
          }
        },
        "line": 17
      },
      "2": {
        "name": "(anonymous_2)",
        "decl": {
          "start": {
            "line": 21,
            "column": 4
          },
          "end": {
            "line": 21,
            "column": 5
          }
        },
        "loc": {
          "start": {
            "line": 21,
            "column": 16
          },
          "end": {
            "line": 24,
            "column": 5
          }
        },
        "line": 21
      },
      "3": {
        "name": "(anonymous_3)",
        "decl": {
          "start": {
            "line": 23,
            "column": 22
          },
          "end": {
            "line": 23,
            "column": 23
          }
        },
        "loc": {
          "start": {
            "line": 23,
            "column": 27
          },
          "end": {
            "line": 23,
            "column": 53
          }
        },
        "line": 23
      },
      "4": {
        "name": "(anonymous_4)",
        "decl": {
          "start": {
            "line": 31,
            "column": 4
          },
          "end": {
            "line": 31,
            "column": 5
          }
        },
        "loc": {
          "start": {
            "line": 31,
            "column": 49
          },
          "end": {
            "line": 40,
            "column": 5
          }
        },
        "line": 31
      },
      "5": {
        "name": "(anonymous_5)",
        "decl": {
          "start": {
            "line": 32,
            "column": 15
          },
          "end": {
            "line": 32,
            "column": 16
          }
        },
        "loc": {
          "start": {
            "line": 32,
            "column": 26
          },
          "end": {
            "line": 39,
            "column": 9
          }
        },
        "line": 32
      },
      "6": {
        "name": "(anonymous_6)",
        "decl": {
          "start": {
            "line": 42,
            "column": 4
          },
          "end": {
            "line": 42,
            "column": 5
          }
        },
        "loc": {
          "start": {
            "line": 42,
            "column": 21
          },
          "end": {
            "line": 50,
            "column": 5
          }
        },
        "line": 42
      },
      "7": {
        "name": "(anonymous_7)",
        "decl": {
          "start": {
            "line": 45,
            "column": 22
          },
          "end": {
            "line": 45,
            "column": 23
          }
        },
        "loc": {
          "start": {
            "line": 45,
            "column": 32
          },
          "end": {
            "line": 45,
            "column": 41
          }
        },
        "line": 45
      },
      "8": {
        "name": "(anonymous_8)",
        "decl": {
          "start": {
            "line": 46,
            "column": 12
          },
          "end": {
            "line": 46,
            "column": 13
          }
        },
        "loc": {
          "start": {
            "line": 46,
            "column": 17
          },
          "end": {
            "line": 49,
            "column": 9
          }
        },
        "line": 46
      },
      "9": {
        "name": "(anonymous_9)",
        "decl": {
          "start": {
            "line": 52,
            "column": 4
          },
          "end": {
            "line": 52,
            "column": 5
          }
        },
        "loc": {
          "start": {
            "line": 52,
            "column": 16
          },
          "end": {
            "line": 55,
            "column": 5
          }
        },
        "line": 52
      },
      "10": {
        "name": "(anonymous_10)",
        "decl": {
          "start": {
            "line": 54,
            "column": 43
          },
          "end": {
            "line": 54,
            "column": 44
          }
        },
        "loc": {
          "start": {
            "line": 54,
            "column": 48
          },
          "end": {
            "line": 54,
            "column": 81
          }
        },
        "line": 54
      },
      "11": {
        "name": "(anonymous_11)",
        "decl": {
          "start": {
            "line": 57,
            "column": 4
          },
          "end": {
            "line": 57,
            "column": 5
          }
        },
        "loc": {
          "start": {
            "line": 57,
            "column": 21
          },
          "end": {
            "line": 59,
            "column": 5
          }
        },
        "line": 57
      },
      "12": {
        "name": "(anonymous_12)",
        "decl": {
          "start": {
            "line": 58,
            "column": 78
          },
          "end": {
            "line": 58,
            "column": 79
          }
        },
        "loc": {
          "start": {
            "line": 58,
            "column": 83
          },
          "end": {
            "line": 58,
            "column": 121
          }
        },
        "line": 58
      },
      "13": {
        "name": "(anonymous_13)",
        "decl": {
          "start": {
            "line": 61,
            "column": 4
          },
          "end": {
            "line": 61,
            "column": 5
          }
        },
        "loc": {
          "start": {
            "line": 61,
            "column": 18
          },
          "end": {
            "line": 63,
            "column": 5
          }
        },
        "line": 61
      },
      "14": {
        "name": "(anonymous_14)",
        "decl": {
          "start": {
            "line": 62,
            "column": 79
          },
          "end": {
            "line": 62,
            "column": 80
          }
        },
        "loc": {
          "start": {
            "line": 62,
            "column": 92
          },
          "end": {
            "line": 62,
            "column": 134
          }
        },
        "line": 62
      },
      "15": {
        "name": "(anonymous_15)",
        "decl": {
          "start": {
            "line": 65,
            "column": 4
          },
          "end": {
            "line": 65,
            "column": 5
          }
        },
        "loc": {
          "start": {
            "line": 65,
            "column": 21
          },
          "end": {
            "line": 69,
            "column": 5
          }
        },
        "line": 65
      },
      "16": {
        "name": "(anonymous_16)",
        "decl": {
          "start": {
            "line": 68,
            "column": 64
          },
          "end": {
            "line": 68,
            "column": 65
          }
        },
        "loc": {
          "start": {
            "line": 68,
            "column": 69
          },
          "end": {
            "line": 68,
            "column": 102
          }
        },
        "line": 68
      },
      "17": {
        "name": "(anonymous_17)",
        "decl": {
          "start": {
            "line": 71,
            "column": 4
          },
          "end": {
            "line": 71,
            "column": 5
          }
        },
        "loc": {
          "start": {
            "line": 71,
            "column": 23
          },
          "end": {
            "line": 79,
            "column": 5
          }
        },
        "line": 71
      },
      "18": {
        "name": "(anonymous_18)",
        "decl": {
          "start": {
            "line": 76,
            "column": 73
          },
          "end": {
            "line": 76,
            "column": 74
          }
        },
        "loc": {
          "start": {
            "line": 76,
            "column": 78
          },
          "end": {
            "line": 78,
            "column": 52
          }
        },
        "line": 76
      },
      "19": {
        "name": "HeroService_Factory",
        "decl": {
          "start": {
            "line": 81,
            "column": 28
          },
          "end": {
            "line": 81,
            "column": 47
          }
        },
        "loc": {
          "start": {
            "line": 81,
            "column": 51
          },
          "end": {
            "line": 81,
            "column": 145
          }
        },
        "line": 81
      },
      "20": {
        "name": "(anonymous_20)",
        "decl": {
          "start": {
            "line": 83,
            "column": 15
          },
          "end": {
            "line": 83,
            "column": 16
          }
        },
        "loc": {
          "start": {
            "line": 83,
            "column": 27
          },
          "end": {
            "line": 88,
            "column": 96
          }
        },
        "line": 83
      },
      "21": {
        "name": "(anonymous_21)",
        "decl": {
          "start": {
            "line": 88,
            "column": 8
          },
          "end": {
            "line": 88,
            "column": 9
          }
        },
        "loc": {
          "start": {
            "line": 88,
            "column": 20
          },
          "end": {
            "line": 88,
            "column": 86
          }
        },
        "line": 88
      }
    },
    "branchMap": {
      "0": {
        "loc": {
          "start": {
            "line": 31,
            "column": 16
          },
          "end": {
            "line": 31,
            "column": 39
          }
        },
        "type": "default-arg",
        "locations": [
          {
            "start": {
              "line": 31,
              "column": 28
            },
            "end": {
              "line": 31,
              "column": 39
            }
          }
        ],
        "line": 31
      },
      "1": {
        "loc": {
          "start": {
            "line": 47,
            "column": 28
          },
          "end": {
            "line": 47,
            "column": 58
          }
        },
        "type": "cond-expr",
        "locations": [
          {
            "start": {
              "line": 47,
              "column": 32
            },
            "end": {
              "line": 47,
              "column": 41
            }
          },
          {
            "start": {
              "line": 47,
              "column": 44
            },
            "end": {
              "line": 47,
              "column": 58
            }
          }
        ],
        "line": 47
      },
      "2": {
        "loc": {
          "start": {
            "line": 66,
            "column": 19
          },
          "end": {
            "line": 66,
            "column": 60
          }
        },
        "type": "cond-expr",
        "locations": [
          {
            "start": {
              "line": 66,
              "column": 46
            },
            "end": {
              "line": 66,
              "column": 50
            }
          },
          {
            "start": {
              "line": 66,
              "column": 53
            },
            "end": {
              "line": 66,
              "column": 60
            }
          }
        ],
        "line": 66
      },
      "3": {
        "loc": {
          "start": {
            "line": 72,
            "column": 8
          },
          "end": {
            "line": 75,
            "column": 9
          }
        },
        "type": "if",
        "locations": [
          {
            "start": {
              "line": 72,
              "column": 8
            },
            "end": {
              "line": 75,
              "column": 9
            }
          },
          {
            "start": {
              "line": 72,
              "column": 8
            },
            "end": {
              "line": 75,
              "column": 9
            }
          }
        ],
        "line": 72
      },
      "4": {
        "loc": {
          "start": {
            "line": 76,
            "column": 78
          },
          "end": {
            "line": 78,
            "column": 52
          }
        },
        "type": "cond-expr",
        "locations": [
          {
            "start": {
              "line": 77,
              "column": 12
            },
            "end": {
              "line": 77,
              "column": 55
            }
          },
          {
            "start": {
              "line": 78,
              "column": 12
            },
            "end": {
              "line": 78,
              "column": 52
            }
          }
        ],
        "line": 76
      },
      "5": {
        "loc": {
          "start": {
            "line": 81,
            "column": 65
          },
          "end": {
            "line": 81,
            "column": 81
          }
        },
        "type": "binary-expr",
        "locations": [
          {
            "start": {
              "line": 81,
              "column": 65
            },
            "end": {
              "line": 81,
              "column": 66
            }
          },
          {
            "start": {
              "line": 81,
              "column": 70
            },
            "end": {
              "line": 81,
              "column": 81
            }
          }
        ],
        "line": 81
      }
    },
    "s": {
      "0": 2,
      "1": 2,
      "2": 2,
      "3": 2,
      "4": 12,
      "5": 10,
      "6": 9,
      "7": 14,
      "8": 0,
      "9": 0,
      "10": 0,
      "11": 0,
      "12": 0,
      "13": 0,
      "14": 0,
      "15": 0,
      "16": 4,
      "17": 4,
      "18": 3,
      "19": 0,
      "20": 0,
      "21": 0,
      "22": 0,
      "23": 0,
      "24": 0,
      "25": 0,
      "26": 0,
      "27": 0,
      "28": 0,
      "29": 0,
      "30": 0,
      "31": 3,
      "32": 2,
      "33": 3,
      "34": 3,
      "35": 3,
      "36": 0
    },
    "f": {
      "0": 2,
      "1": 12,
      "2": 10,
      "3": 9,
      "4": 14,
      "5": 0,
      "6": 0,
      "7": 0,
      "8": 0,
      "9": 4,
      "10": 3,
      "11": 0,
      "12": 0,
      "13": 0,
      "14": 0,
      "15": 0,
      "16": 0,
      "17": 0,
      "18": 0,
      "19": 2,
      "20": 3,
      "21": 0
    },
    "b": {
      "0": [
        0
      ],
      "1": [
        0,
        0
      ],
      "2": [
        0,
        0
      ],
      "3": [
        0,
        0
      ],
      "4": [
        0,
        0
      ],
      "5": [
        2,
        2
      ]
    },
    "inputSourceMap": {
      "version": 3,
      "file": "hero.service.js",
      "sourceRoot": "",
      "sources": [
        "C:\\Users\\user1\\Desktop\\files\\fronted\\Git-github\\angular-tour-of-heroes\\src\\app\\hero.service.ts"
      ],
      "names": [],
      "mappings": "AAAA,OAAO,EAAE,UAAU,EAAE,MAAM,eAAe,CAAC;AAK3C,OAAO,EAAc,EAAE,EAAE,MAAM,MAAM,CAAC;AAEtC,OAAO,EAAc,WAAW,EAAE,MAAM,sBAAsB,CAAC;AAE/D,OAAO,EAAE,UAAU,EAAE,GAAG,EAAE,GAAG,EAAE,MAAM,gBAAgB,CAAC;;;;AAKtD,MAAM,OAAO,WAAW;IAEtB,YACU,cAA8B,EAC9B,IAAgB;QADhB,mBAAc,GAAd,cAAc,CAAgB;QAC9B,SAAI,GAAJ,IAAI,CAAY;QAG1B,gBAAW,GAAG;YACZ,OAAO,EAAE,IAAI,WAAW,CAAC,EAAE,cAAc,EAAE,kBAAkB,EAAE,CAAC;SACjE,CAAC;QACM,cAAS,GAAG,YAAY,CAAC,CAAC,iBAAiB;IAL/C,CAAC;IAOG,GAAG,CAAC,OAAe;QACzB,IAAI,CAAC,cAAc,CAAC,GAAG,CAAC,gBAAgB,OAAO,EAAE,CAAC,CAAC;IACrD,CAAC;IAED,iCAAiC;IACjC,SAAS;QACP,OAAO,IAAI,CAAC,IAAI,CAAC,GAAG,CAAS,IAAI,CAAC,SAAS,CAAC;aAC3C,IAAI,CACH,GAAG,CAAC,CAAC,CAAC,EAAE,CAAC,IAAI,CAAC,GAAG,CAAC,gBAAgB,CAAC,CAAC,EACpC,UAAU,CAAC,IAAI,CAAC,WAAW,CAAS,WAAW,EAAE,EAAE,CAAC,CAAC,CACpD,CAAC;IACN,CAAC;IAID;;;;;KAKC;IAEO,WAAW,CAAI,SAAS,GAAG,WAAW,EAAE,MAAU;QACxD,OAAO,CAAC,KAAU,EAAiB,EAAE;YAEnC,wDAAwD;YACxD,OAAO,CAAC,KAAK,CAAC,KAAK,CAAC,CAAC,CAAC,yBAAyB;YAE/C,8DAA8D;YAC9D,IAAI,CAAC,GAAG,CAAC,GAAG,SAAS,YAAY,KAAK,CAAC,OAAO,EAAE,CAAC,CAAC;YAElD,yDAAyD;YACzD,OAAO,EAAE,CAAC,MAAW,CAAC,CAAC;QACzB,CAAC,CAAC;IACJ,CAAC;IAED,2DAA2D;IAC3D,YAAY,CAAO,EAAU;QAC3B,MAAM,GAAG,GAAG,GAAG,IAAI,CAAC,SAAS,QAAQ,EAAE,EAAE,CAAC;QAC1C,OAAO,IAAI,CAAC,IAAI,CAAC,GAAG,CAAS,GAAG,CAAC;aAC9B,IAAI,CACH,GAAG,CAAC,MAAM,CAAC,EAAE,CAAC,MAAM,CAAC,CAAC,CAAC,CAAC,EAAE,gCAAgC;QAC1D,GAAG,CAAC,CAAC,CAAC,EAAE;YACN,MAAM,OAAO,GAAG,CAAC,CAAC,CAAC,CAAC,SAAS,CAAC,CAAC,CAAC,cAAc,CAAC;YAC/C,IAAI,CAAC,GAAG,CAAC,GAAG,OAAO,YAAY,EAAE,EAAE,CAAC,CAAC;QACvC,CAAC,CAAC,EACF,UAAU,CAAC,IAAI,CAAC,WAAW,CAAO,cAAc,EAAE,EAAE,CAAC,CAAC,CACvD,CAAC;IACN,CAAC;IAED,+CAA+C;IAC/C,OAAO,CAAC,EAAU;QAChB,MAAM,GAAG,GAAG,GAAG,IAAI,CAAC,SAAS,IAAI,EAAE,EAAE,CAAC;QACtC,OAAO,IAAI,CAAC,IAAI,CAAC,GAAG,CAAO,GAAG,CAAC,CAAC,IAAI,CAClC,GAAG,CAAC,CAAC,CAAC,EAAE,CAAC,IAAI,CAAC,GAAG,CAAC,mBAAmB,EAAE,EAAE,CAAC,CAAC,EAC3C,UAAU,CAAC,IAAI,CAAC,WAAW,CAAO,cAAc,EAAE,EAAE,CAAC,CAAC,CACvD,CAAC;IACJ,CAAC;IAED,yCAAyC;IACzC,UAAU,CAAC,IAAU;QACnB,OAAO,IAAI,CAAC,IAAI,CAAC,GAAG,CAAC,IAAI,CAAC,SAAS,EAAE,IAAI,EAAE,IAAI,CAAC,WAAW,CAAC,CAAC,IAAI,CAC/D,GAAG,CAAC,CAAC,CAAC,EAAE,CAAC,IAAI,CAAC,GAAG,CAAC,mBAAmB,IAAI,CAAC,EAAE,EAAE,CAAC,CAAC,EAChD,UAAU,CAAC,IAAI,CAAC,WAAW,CAAM,YAAY,CAAC,CAAC,CAChD,CAAC;IACJ,CAAC;IACD,yCAAyC;IACzC,OAAO,CAAC,IAAU;QAChB,OAAO,IAAI,CAAC,IAAI,CAAC,IAAI,CAAO,IAAI,CAAC,SAAS,EAAE,IAAI,EAAE,IAAI,CAAC,WAAW,CAAC,CAAC,IAAI,CACtE,GAAG,CAAC,CAAC,OAAa,EAAE,EAAE,CAAC,IAAI,CAAC,GAAG,CAAC,oBAAoB,OAAO,CAAC,EAAE,EAAE,CAAC,CAAC,EAClE,UAAU,CAAC,IAAI,CAAC,WAAW,CAAO,SAAS,CAAC,CAAC,CAC9C,CAAC;IACJ,CAAC;IACD,8CAA8C;IAC9C,UAAU,CAAC,IAAmB;QAC5B,MAAM,EAAE,GAAG,OAAO,IAAI,KAAK,QAAQ,CAAC,CAAC,CAAC,IAAI,CAAC,CAAC,CAAC,IAAI,CAAC,EAAE,CAAC;QACrD,MAAM,GAAG,GAAG,GAAG,IAAI,CAAC,SAAS,IAAI,EAAE,EAAE,CAAC;QAEtC,OAAO,IAAI,CAAC,IAAI,CAAC,MAAM,CAAO,GAAG,EAAE,IAAI,CAAC,WAAW,CAAC,CAAC,IAAI,CACvD,GAAG,CAAC,CAAC,CAAC,EAAE,CAAC,IAAI,CAAC,GAAG,CAAC,mBAAmB,EAAE,EAAE,CAAC,CAAC,EAC3C,UAAU,CAAC,IAAI,CAAC,WAAW,CAAO,YAAY,CAAC,CAAC,CACjD,CAAC;IACJ,CAAC;IACD,gDAAgD;IAChD,YAAY,CAAC,IAAY;QACvB,IAAI,CAAC,IAAI,CAAC,IAAI,EAAE,EAAE;YAChB,+CAA+C;YAC/C,OAAO,EAAE,CAAC,EAAE,CAAC,CAAC;SACf;QACD,OAAO,IAAI,CAAC,IAAI,CAAC,GAAG,CAAS,GAAG,IAAI,CAAC,SAAS,UAAU,IAAI,EAAE,CAAC,CAAC,IAAI,CAClE,GAAG,CAAC,CAAC,CAAC,EAAE,CAAC,CAAC,CAAC,MAAM,CAAC,CAAC;YACjB,IAAI,CAAC,GAAG,CAAC,0BAA0B,IAAI,GAAG,CAAC,CAAC,CAAC;YAC7C,IAAI,CAAC,GAAG,CAAC,uBAAuB,IAAI,GAAG,CAAC,CAAC,EAC3C,UAAU,CAAC,IAAI,CAAC,WAAW,CAAS,cAAc,EAAE,EAAE,CAAC,CAAC,CACzD,CAAC;IACJ,CAAC;;sEA3GU,WAAW;mDAAX,WAAW,WAAX,WAAW,mBAFV,MAAM;kDAEP,WAAW;cAHvB,UAAU;eAAC;gBACV,UAAU,EAAE,MAAM;aACnB",
      "sourcesContent": [
        "import { Injectable } from '@angular/core';\nimport { Hero } from './hero';\nimport { HEROES } from './mock-heroes';\nimport { MessageService } from './message.service';\n\nimport { Observable, of } from 'rxjs';\n\nimport { HttpClient, HttpHeaders } from '@angular/common/http';\n\nimport { catchError, map, tap } from 'rxjs/operators';\n\n@Injectable({\n  providedIn: 'root'\n})\nexport class HeroService {\n\n  constructor(\n    private messageService: MessageService,\n    private http: HttpClient,\n  ) { }\n  \n  httpOptions = {\n    headers: new HttpHeaders({ 'Content-Type': 'application/json' })\n  };\n  private heroesUrl = 'api/heroes'; // URL to web api\n  \n  private log(message: string) {\n    this.messageService.add(`HeroService: ${message}`);\n  }\n  \n  /** GET heroes from the server */\n  getHeroes(): Observable<Hero[]> {\n    return this.http.get<Hero[]>(this.heroesUrl)\n    .pipe(\n      tap(_ => this.log('fetched heroes')),\n      catchError(this.handleError<Hero[]>('getHeroes', []))\n      );\n  }\n\n\n    \n  /**\n * Handle Http operation that failed.\n * Let the app continue.\n * @param operation - name of the operation that failed\n * @param result - optional value to return as the observable result\n */\n  \n  private handleError<T>(operation = 'operation', result?: T) {\n    return (error: any): Observable<T> => {\n\n      // TODO: send the error to remote logging infrastructure\n      console.error(error); // log to console instead\n\n      // TODO: better job of transforming error for user consumption\n      this.log(`${operation} failed: ${error.message}`);\n\n      // Let the app keep running by returning an empty result.\n      return of(result as T);\n    };\n  }\n\n  /** GET hero by id. Return `undefined` when id not found */\n  getHeroNo404<Data>(id: number): Observable<Hero> {\n    const url = `${this.heroesUrl}/?id=${id}`;\n    return this.http.get<Hero[]>(url)\n      .pipe(\n        map(heroes => heroes[0]), // returns a {0|1} element array\n        tap(h => {\n          const outcome = h ? `fetched` : `did not find`;\n          this.log(`${outcome} hero id=${id}`);\n        }),\n        catchError(this.handleError<Hero>(`getHero id=${id}`))\n      );\n  }\n\n  /** GET hero by id. Will 404 if id not found */\n  getHero(id: number): Observable<Hero> {\n    const url = `${this.heroesUrl}/${id}`;\n    return this.http.get<Hero>(url).pipe(\n      tap(_ => this.log(`fetched hero id=${id}`)),\n      catchError(this.handleError<Hero>(`getHero id=${id}`))\n    );\n  }\n\n  /** PUT: update the hero on the server */\n  updateHero(hero: Hero): Observable<any> {\n    return this.http.put(this.heroesUrl, hero, this.httpOptions).pipe(\n      tap(_ => this.log(`updated hero id=${hero.id}`)),\n      catchError(this.handleError<any>('updateHero'))\n    );\n  }\n  /** POST: add a new hero to the server */\n  addHero(hero: Hero): Observable<Hero> {\n    return this.http.post<Hero>(this.heroesUrl, hero, this.httpOptions).pipe(\n      tap((newHero: Hero) => this.log(`added hero w/ id=${newHero.id}`)),\n      catchError(this.handleError<Hero>('addHero'))\n    );\n  }\n  /** DELETE: delete the hero from the server */\n  deleteHero(hero: Hero | number): Observable<Hero> {\n    const id = typeof hero === 'number' ? hero : hero.id;\n    const url = `${this.heroesUrl}/${id}`;\n\n    return this.http.delete<Hero>(url, this.httpOptions).pipe(\n      tap(_ => this.log(`deleted hero id=${id}`)),\n      catchError(this.handleError<Hero>('deleteHero'))\n    );\n  }\n  /* GET heroes whose name contains search term */\n  searchHeroes(term: string): Observable<Hero[]> {\n    if (!term.trim()) {\n      // if not search term, return empty hero array.\n      return of([]);\n    }\n    return this.http.get<Hero[]>(`${this.heroesUrl}/?name=${term}`).pipe(\n      tap(x => x.length ?\n        this.log(`found heroes matching \"${term}\"`) :\n        this.log(`no heroes matching \"${term}\"`)),\n      catchError(this.handleError<Hero[]>('searchHeroes', []))\n    );\n  }\n}\n"
      ]
    },
    "_coverageSchema": "332fd63041d2c1bcb487cc26dd0d5f7d97098a6c",
    "hash": "bae09f6ed79510f446dc28a1696eba35305b3a67"
  },
  "C:\\Users\\user1\\Desktop\\files\\fronted\\Git-github\\angular-tour-of-heroes\\src\\app\\heroes\\heroes.component.ts": {
    "path": "C:\\Users\\user1\\Desktop\\files\\fronted\\Git-github\\angular-tour-of-heroes\\src\\app\\heroes\\heroes.component.ts",
    "statementMap": {
      "0": {
        "start": {
          "line": 6,
          "column": 51
        },
        "end": {
          "line": 20,
          "column": 1
        }
      },
      "1": {
        "start": {
          "line": 7,
          "column": 16
        },
        "end": {
          "line": 7,
          "column": 37
        }
      },
      "2": {
        "start": {
          "line": 8,
          "column": 4
        },
        "end": {
          "line": 8,
          "column": 31
        }
      },
      "3": {
        "start": {
          "line": 9,
          "column": 4
        },
        "end": {
          "line": 9,
          "column": 33
        }
      },
      "4": {
        "start": {
          "line": 10,
          "column": 4
        },
        "end": {
          "line": 10,
          "column": 36
        }
      },
      "5": {
        "start": {
          "line": 11,
          "column": 4
        },
        "end": {
          "line": 11,
          "column": 17
        }
      },
      "6": {
        "start": {
          "line": 12,
          "column": 4
        },
        "end": {
          "line": 12,
          "column": 22
        }
      },
      "7": {
        "start": {
          "line": 13,
          "column": 4
        },
        "end": {
          "line": 13,
          "column": 17
        }
      },
      "8": {
        "start": {
          "line": 14,
          "column": 4
        },
        "end": {
          "line": 14,
          "column": 22
        }
      },
      "9": {
        "start": {
          "line": 15,
          "column": 4
        },
        "end": {
          "line": 15,
          "column": 38
        }
      },
      "10": {
        "start": {
          "line": 16,
          "column": 4
        },
        "end": {
          "line": 16,
          "column": 218
        }
      },
      "11": {
        "start": {
          "line": 16,
          "column": 95
        },
        "end": {
          "line": 16,
          "column": 117
        }
      },
      "12": {
        "start": {
          "line": 16,
          "column": 134
        },
        "end": {
          "line": 16,
          "column": 147
        }
      },
      "13": {
        "start": {
          "line": 16,
          "column": 164
        },
        "end": {
          "line": 16,
          "column": 182
        }
      },
      "14": {
        "start": {
          "line": 16,
          "column": 184
        },
        "end": {
          "line": 16,
          "column": 214
        }
      },
      "15": {
        "start": {
          "line": 17,
          "column": 4
        },
        "end": {
          "line": 17,
          "column": 22
        }
      },
      "16": {
        "start": {
          "line": 18,
          "column": 4
        },
        "end": {
          "line": 18,
          "column": 22
        }
      },
      "17": {
        "start": {
          "line": 19,
          "column": 4
        },
        "end": {
          "line": 19,
          "column": 22
        }
      },
      "18": {
        "start": {
          "line": 20,
          "column": 2
        },
        "end": {
          "line": 28,
          "column": 1
        }
      },
      "19": {
        "start": {
          "line": 21,
          "column": 20
        },
        "end": {
          "line": 21,
          "column": 33
        }
      },
      "20": {
        "start": {
          "line": 22,
          "column": 4
        },
        "end": {
          "line": 22,
          "column": 20
        }
      },
      "21": {
        "start": {
          "line": 23,
          "column": 4
        },
        "end": {
          "line": 23,
          "column": 72
        }
      },
      "22": {
        "start": {
          "line": 24,
          "column": 4
        },
        "end": {
          "line": 24,
          "column": 20
        }
      },
      "23": {
        "start": {
          "line": 25,
          "column": 4
        },
        "end": {
          "line": 25,
          "column": 37
        }
      },
      "24": {
        "start": {
          "line": 26,
          "column": 4
        },
        "end": {
          "line": 26,
          "column": 20
        }
      },
      "25": {
        "start": {
          "line": 27,
          "column": 4
        },
        "end": {
          "line": 27,
          "column": 50
        }
      },
      "26": {
        "start": {
          "line": 31,
          "column": 8
        },
        "end": {
          "line": 31,
          "column": 39
        }
      },
      "27": {
        "start": {
          "line": 34,
          "column": 8
        },
        "end": {
          "line": 34,
          "column": 25
        }
      },
      "28": {
        "start": {
          "line": 37,
          "column": 8
        },
        "end": {
          "line": 38,
          "column": 55
        }
      },
      "29": {
        "start": {
          "line": 38,
          "column": 33
        },
        "end": {
          "line": 38,
          "column": 53
        }
      },
      "30": {
        "start": {
          "line": 41,
          "column": 8
        },
        "end": {
          "line": 41,
          "column": 27
        }
      },
      "31": {
        "start": {
          "line": 42,
          "column": 8
        },
        "end": {
          "line": 44,
          "column": 9
        }
      },
      "32": {
        "start": {
          "line": 43,
          "column": 12
        },
        "end": {
          "line": 43,
          "column": 19
        }
      },
      "33": {
        "start": {
          "line": 45,
          "column": 8
        },
        "end": {
          "line": 48,
          "column": 11
        }
      },
      "34": {
        "start": {
          "line": 47,
          "column": 12
        },
        "end": {
          "line": 47,
          "column": 35
        }
      },
      "35": {
        "start": {
          "line": 51,
          "column": 8
        },
        "end": {
          "line": 51,
          "column": 58
        }
      },
      "36": {
        "start": {
          "line": 51,
          "column": 46
        },
        "end": {
          "line": 51,
          "column": 56
        }
      },
      "37": {
        "start": {
          "line": 52,
          "column": 8
        },
        "end": {
          "line": 52,
          "column": 54
        }
      },
      "38": {
        "start": {
          "line": 55,
          "column": 0
        },
        "end": {
          "line": 55,
          "column": 136
        }
      },
      "39": {
        "start": {
          "line": 55,
          "column": 61
        },
        "end": {
          "line": 55,
          "column": 133
        }
      },
      "40": {
        "start": {
          "line": 56,
          "column": 0
        },
        "end": {
          "line": 77,
          "column": 3265
        }
      },
      "41": {
        "start": {
          "line": 56,
          "column": 451
        },
        "end": {
          "line": 74,
          "column": 5
        }
      },
      "42": {
        "start": {
          "line": 57,
          "column": 20
        },
        "end": {
          "line": 57,
          "column": 41
        }
      },
      "43": {
        "start": {
          "line": 58,
          "column": 8
        },
        "end": {
          "line": 58,
          "column": 35
        }
      },
      "44": {
        "start": {
          "line": 59,
          "column": 8
        },
        "end": {
          "line": 59,
          "column": 34
        }
      },
      "45": {
        "start": {
          "line": 60,
          "column": 8
        },
        "end": {
          "line": 60,
          "column": 26
        }
      },
      "46": {
        "start": {
          "line": 61,
          "column": 8
        },
        "end": {
          "line": 61,
          "column": 36
        }
      },
      "47": {
        "start": {
          "line": 62,
          "column": 8
        },
        "end": {
          "line": 62,
          "column": 38
        }
      },
      "48": {
        "start": {
          "line": 63,
          "column": 8
        },
        "end": {
          "line": 63,
          "column": 36
        }
      },
      "49": {
        "start": {
          "line": 64,
          "column": 8
        },
        "end": {
          "line": 64,
          "column": 39
        }
      },
      "50": {
        "start": {
          "line": 65,
          "column": 8
        },
        "end": {
          "line": 65,
          "column": 26
        }
      },
      "51": {
        "start": {
          "line": 66,
          "column": 8
        },
        "end": {
          "line": 66,
          "column": 42
        }
      },
      "52": {
        "start": {
          "line": 67,
          "column": 8
        },
        "end": {
          "line": 67,
          "column": 193
        }
      },
      "53": {
        "start": {
          "line": 67,
          "column": 93
        },
        "end": {
          "line": 67,
          "column": 115
        }
      },
      "54": {
        "start": {
          "line": 67,
          "column": 128
        },
        "end": {
          "line": 67,
          "column": 145
        }
      },
      "55": {
        "start": {
          "line": 67,
          "column": 147
        },
        "end": {
          "line": 67,
          "column": 166
        }
      },
      "56": {
        "start": {
          "line": 67,
          "column": 167
        },
        "end": {
          "line": 67,
          "column": 189
        }
      },
      "57": {
        "start": {
          "line": 68,
          "column": 8
        },
        "end": {
          "line": 68,
          "column": 30
        }
      },
      "58": {
        "start": {
          "line": 69,
          "column": 8
        },
        "end": {
          "line": 69,
          "column": 26
        }
      },
      "59": {
        "start": {
          "line": 70,
          "column": 8
        },
        "end": {
          "line": 70,
          "column": 26
        }
      },
      "60": {
        "start": {
          "line": 71,
          "column": 8
        },
        "end": {
          "line": 71,
          "column": 38
        }
      },
      "61": {
        "start": {
          "line": 72,
          "column": 8
        },
        "end": {
          "line": 72,
          "column": 73
        }
      },
      "62": {
        "start": {
          "line": 73,
          "column": 8
        },
        "end": {
          "line": 73,
          "column": 26
        }
      },
      "63": {
        "start": {
          "line": 74,
          "column": 6
        },
        "end": {
          "line": 77,
          "column": 5
        }
      },
      "64": {
        "start": {
          "line": 75,
          "column": 8
        },
        "end": {
          "line": 75,
          "column": 25
        }
      },
      "65": {
        "start": {
          "line": 76,
          "column": 8
        },
        "end": {
          "line": 76,
          "column": 45
        }
      },
      "66": {
        "start": {
          "line": 78,
          "column": 14
        },
        "end": {
          "line": 85,
          "column": 72
        }
      },
      "67": {
        "start": {
          "line": 78,
          "column": 29
        },
        "end": {
          "line": 85,
          "column": 66
        }
      },
      "68": {
        "start": {
          "line": 85,
          "column": 22
        },
        "end": {
          "line": 85,
          "column": 56
        }
      }
    },
    "fnMap": {
      "0": {
        "name": "HeroesComponent_li_10_Template",
        "decl": {
          "start": {
            "line": 6,
            "column": 9
          },
          "end": {
            "line": 6,
            "column": 39
          }
        },
        "loc": {
          "start": {
            "line": 6,
            "column": 49
          },
          "end": {
            "line": 28,
            "column": 3
          }
        },
        "line": 6
      },
      "1": {
        "name": "HeroesComponent_li_10_Template_button_click_5_listener",
        "decl": {
          "start": {
            "line": 16,
            "column": 36
          },
          "end": {
            "line": 16,
            "column": 90
          }
        },
        "loc": {
          "start": {
            "line": 16,
            "column": 93
          },
          "end": {
            "line": 16,
            "column": 216
          }
        },
        "line": 16
      },
      "2": {
        "name": "(anonymous_2)",
        "decl": {
          "start": {
            "line": 30,
            "column": 4
          },
          "end": {
            "line": 30,
            "column": 5
          }
        },
        "loc": {
          "start": {
            "line": 30,
            "column": 29
          },
          "end": {
            "line": 32,
            "column": 5
          }
        },
        "line": 30
      },
      "3": {
        "name": "(anonymous_3)",
        "decl": {
          "start": {
            "line": 33,
            "column": 4
          },
          "end": {
            "line": 33,
            "column": 5
          }
        },
        "loc": {
          "start": {
            "line": 33,
            "column": 15
          },
          "end": {
            "line": 35,
            "column": 5
          }
        },
        "line": 33
      },
      "4": {
        "name": "(anonymous_4)",
        "decl": {
          "start": {
            "line": 36,
            "column": 4
          },
          "end": {
            "line": 36,
            "column": 5
          }
        },
        "loc": {
          "start": {
            "line": 36,
            "column": 16
          },
          "end": {
            "line": 39,
            "column": 5
          }
        },
        "line": 36
      },
      "5": {
        "name": "(anonymous_5)",
        "decl": {
          "start": {
            "line": 38,
            "column": 23
          },
          "end": {
            "line": 38,
            "column": 24
          }
        },
        "loc": {
          "start": {
            "line": 38,
            "column": 33
          },
          "end": {
            "line": 38,
            "column": 53
          }
        },
        "line": 38
      },
      "6": {
        "name": "(anonymous_6)",
        "decl": {
          "start": {
            "line": 40,
            "column": 4
          },
          "end": {
            "line": 40,
            "column": 5
          }
        },
        "loc": {
          "start": {
            "line": 40,
            "column": 14
          },
          "end": {
            "line": 49,
            "column": 5
          }
        },
        "line": 40
      },
      "7": {
        "name": "(anonymous_7)",
        "decl": {
          "start": {
            "line": 46,
            "column": 23
          },
          "end": {
            "line": 46,
            "column": 24
          }
        },
        "loc": {
          "start": {
            "line": 46,
            "column": 31
          },
          "end": {
            "line": 48,
            "column": 9
          }
        },
        "line": 46
      },
      "8": {
        "name": "(anonymous_8)",
        "decl": {
          "start": {
            "line": 50,
            "column": 4
          },
          "end": {
            "line": 50,
            "column": 5
          }
        },
        "loc": {
          "start": {
            "line": 50,
            "column": 17
          },
          "end": {
            "line": 53,
            "column": 5
          }
        },
        "line": 50
      },
      "9": {
        "name": "(anonymous_9)",
        "decl": {
          "start": {
            "line": 51,
            "column": 41
          },
          "end": {
            "line": 51,
            "column": 42
          }
        },
        "loc": {
          "start": {
            "line": 51,
            "column": 46
          },
          "end": {
            "line": 51,
            "column": 56
          }
        },
        "line": 51
      },
      "10": {
        "name": "HeroesComponent_Factory",
        "decl": {
          "start": {
            "line": 55,
            "column": 32
          },
          "end": {
            "line": 55,
            "column": 55
          }
        },
        "loc": {
          "start": {
            "line": 55,
            "column": 59
          },
          "end": {
            "line": 55,
            "column": 135
          }
        },
        "line": 55
      },
      "11": {
        "name": "HeroesComponent_Template",
        "decl": {
          "start": {
            "line": 56,
            "column": 415
          },
          "end": {
            "line": 56,
            "column": 439
          }
        },
        "loc": {
          "start": {
            "line": 56,
            "column": 449
          },
          "end": {
            "line": 77,
            "column": 7
          }
        },
        "line": 56
      },
      "12": {
        "name": "HeroesComponent_Template_button_click_7_listener",
        "decl": {
          "start": {
            "line": 67,
            "column": 40
          },
          "end": {
            "line": 67,
            "column": 88
          }
        },
        "loc": {
          "start": {
            "line": 67,
            "column": 91
          },
          "end": {
            "line": 67,
            "column": 191
          }
        },
        "line": 67
      },
      "13": {
        "name": "(anonymous_13)",
        "decl": {
          "start": {
            "line": 78,
            "column": 15
          },
          "end": {
            "line": 78,
            "column": 16
          }
        },
        "loc": {
          "start": {
            "line": 78,
            "column": 27
          },
          "end": {
            "line": 85,
            "column": 68
          }
        },
        "line": 78
      },
      "14": {
        "name": "(anonymous_14)",
        "decl": {
          "start": {
            "line": 85,
            "column": 8
          },
          "end": {
            "line": 85,
            "column": 9
          }
        },
        "loc": {
          "start": {
            "line": 85,
            "column": 20
          },
          "end": {
            "line": 85,
            "column": 58
          }
        },
        "line": 85
      }
    },
    "branchMap": {
      "0": {
        "loc": {
          "start": {
            "line": 6,
            "column": 51
          },
          "end": {
            "line": 20,
            "column": 1
          }
        },
        "type": "if",
        "locations": [
          {
            "start": {
              "line": 6,
              "column": 51
            },
            "end": {
              "line": 20,
              "column": 1
            }
          },
          {
            "start": {
              "line": 6,
              "column": 51
            },
            "end": {
              "line": 20,
              "column": 1
            }
          }
        ],
        "line": 6
      },
      "1": {
        "loc": {
          "start": {
            "line": 20,
            "column": 2
          },
          "end": {
            "line": 28,
            "column": 1
          }
        },
        "type": "if",
        "locations": [
          {
            "start": {
              "line": 20,
              "column": 2
            },
            "end": {
              "line": 28,
              "column": 1
            }
          },
          {
            "start": {
              "line": 20,
              "column": 2
            },
            "end": {
              "line": 28,
              "column": 1
            }
          }
        ],
        "line": 20
      },
      "2": {
        "loc": {
          "start": {
            "line": 42,
            "column": 8
          },
          "end": {
            "line": 44,
            "column": 9
          }
        },
        "type": "if",
        "locations": [
          {
            "start": {
              "line": 42,
              "column": 8
            },
            "end": {
              "line": 44,
              "column": 9
            }
          },
          {
            "start": {
              "line": 42,
              "column": 8
            },
            "end": {
              "line": 44,
              "column": 9
            }
          }
        ],
        "line": 42
      },
      "3": {
        "loc": {
          "start": {
            "line": 55,
            "column": 73
          },
          "end": {
            "line": 55,
            "column": 93
          }
        },
        "type": "binary-expr",
        "locations": [
          {
            "start": {
              "line": 55,
              "column": 73
            },
            "end": {
              "line": 55,
              "column": 74
            }
          },
          {
            "start": {
              "line": 55,
              "column": 78
            },
            "end": {
              "line": 55,
              "column": 93
            }
          }
        ],
        "line": 55
      },
      "4": {
        "loc": {
          "start": {
            "line": 56,
            "column": 451
          },
          "end": {
            "line": 74,
            "column": 5
          }
        },
        "type": "if",
        "locations": [
          {
            "start": {
              "line": 56,
              "column": 451
            },
            "end": {
              "line": 74,
              "column": 5
            }
          },
          {
            "start": {
              "line": 56,
              "column": 451
            },
            "end": {
              "line": 74,
              "column": 5
            }
          }
        ],
        "line": 56
      },
      "5": {
        "loc": {
          "start": {
            "line": 74,
            "column": 6
          },
          "end": {
            "line": 77,
            "column": 5
          }
        },
        "type": "if",
        "locations": [
          {
            "start": {
              "line": 74,
              "column": 6
            },
            "end": {
              "line": 77,
              "column": 5
            }
          },
          {
            "start": {
              "line": 74,
              "column": 6
            },
            "end": {
              "line": 77,
              "column": 5
            }
          }
        ],
        "line": 74
      }
    },
    "s": {
      "0": 60,
      "1": 20,
      "2": 20,
      "3": 20,
      "4": 20,
      "5": 20,
      "6": 20,
      "7": 20,
      "8": 20,
      "9": 20,
      "10": 20,
      "11": 0,
      "12": 0,
      "13": 0,
      "14": 0,
      "15": 20,
      "16": 20,
      "17": 20,
      "18": 60,
      "19": 40,
      "20": 40,
      "21": 40,
      "22": 40,
      "23": 40,
      "24": 40,
      "25": 40,
      "26": 4,
      "27": 4,
      "28": 4,
      "29": 4,
      "30": 0,
      "31": 0,
      "32": 0,
      "33": 0,
      "34": 0,
      "35": 0,
      "36": 0,
      "37": 0,
      "38": 3,
      "39": 4,
      "40": 3,
      "41": 16,
      "42": 4,
      "43": 4,
      "44": 4,
      "45": 4,
      "46": 4,
      "47": 4,
      "48": 4,
      "49": 4,
      "50": 4,
      "51": 4,
      "52": 4,
      "53": 0,
      "54": 0,
      "55": 0,
      "56": 0,
      "57": 4,
      "58": 4,
      "59": 4,
      "60": 4,
      "61": 4,
      "62": 4,
      "63": 16,
      "64": 12,
      "65": 12,
      "66": 3,
      "67": 3,
      "68": 0
    },
    "f": {
      "0": 60,
      "1": 0,
      "2": 4,
      "3": 4,
      "4": 4,
      "5": 4,
      "6": 0,
      "7": 0,
      "8": 0,
      "9": 0,
      "10": 4,
      "11": 16,
      "12": 0,
      "13": 3,
      "14": 0
    },
    "b": {
      "0": [
        20,
        40
      ],
      "1": [
        40,
        20
      ],
      "2": [
        0,
        0
      ],
      "3": [
        4,
        4
      ],
      "4": [
        4,
        12
      ],
      "5": [
        12,
        4
      ]
    },
    "inputSourceMap": {
      "version": 3,
      "file": "heroes.component.js",
      "sourceRoot": "",
      "sources": [
        "C:\\Users\\user1\\Desktop\\files\\fronted\\Git-github\\angular-tour-of-heroes\\src\\app\\heroes\\heroes.component.ts",
        "C:\\Users\\user1\\Desktop\\files\\fronted\\Git-github\\angular-tour-of-heroes\\src\\app\\heroes\\heroes.component.html"
      ],
      "names": [],
      "mappings": "AAAA,OAAO,EAAE,SAAS,EAAU,MAAM,eAAe,CAAC;;;;;;;ICehD,0BACE;IAAA,4BACE;IAAA,+BAAoB;IAAA,YAAa;IAAA,iBAAO;IAAC,YAC3C;IAAA,iBAAI;IACJ,iCAA0F;IAA/C,qNAAsB;IAAyB,iBAAC;IAAA,iBAAS;IACtG,iBAAK;;;IAJA,eAAkC;IAAlC,mEAAkC;IACf,eAAa;IAAb,gCAAa;IAAQ,eAC3C;IAD2C,6CAC3C;;ADNJ,MAAM,OAAO,eAAe;IAG1B,YAAoB,WAAwB;QAAxB,gBAAW,GAAX,WAAW,CAAa;IAAI,CAAC;IAEjD,QAAQ;QACN,IAAI,CAAC,SAAS,EAAE,CAAC;IACnB,CAAC;IAED,SAAS;QACP,IAAI,CAAC,WAAW,CAAC,SAAS,EAAE;aAC3B,SAAS,CAAC,MAAM,CAAC,EAAE,CAAC,IAAI,CAAC,MAAM,GAAG,MAAM,CAAC,CAAC;IAC7C,CAAC;IACD,GAAG,CAAC,IAAY;QACd,IAAI,GAAG,IAAI,CAAC,IAAI,EAAE,CAAC;QACnB,IAAI,CAAC,IAAI,EAAE;YAAE,OAAO;SAAE;QACtB,IAAI,CAAC,WAAW,CAAC,OAAO,CAAC,EAAE,IAAI,EAAU,CAAC;aACvC,SAAS,CAAC,IAAI,CAAC,EAAE;YAChB,IAAI,CAAC,MAAM,CAAC,IAAI,CAAC,IAAI,CAAC,CAAC;QACzB,CAAC,CAAC,CAAC;IACP,CAAC;IACD,MAAM,CAAC,IAAU;QACf,IAAI,CAAC,MAAM,GAAG,IAAI,CAAC,MAAM,CAAC,MAAM,CAAC,CAAC,CAAC,EAAE,CAAC,CAAC,KAAK,IAAI,CAAC,CAAC;QAClD,IAAI,CAAC,WAAW,CAAC,UAAU,CAAC,IAAI,CAAC,CAAC,SAAS,EAAE,CAAC;IAChD,CAAC;;8EAxBU,eAAe;oDAAf,eAAe;;QCZ5B,0BAAI;QAAA,yBAAS;QAAA,iBAAK;QAClB,2BACE;QAAA,6BACG;QAAA,2BACD;QAAA,8BACF;QAAA,iBAAQ;QAER,iCAIE;QAHA,2IAAS,kBAAmB,qBAAmB,EAAE,IAAC;QAGlD,qBACF;QAAA,iBAAS;QACX,iBAAM;QACN,6BACE;QAAA,gEACE;QAKJ,iBAAK;;QANC,gBAA2B;QAA3B,oCAA2B;;kDDHpB,eAAe;cAN3B,SAAS;eAAC;gBACT,QAAQ,EAAE,YAAY;gBACtB,WAAW,EAAE,yBAAyB;gBACtC,SAAS,EAAE,CAAC,wBAAwB,CAAC;aACtC",
      "sourcesContent": [
        "import { Component, OnInit } from '@angular/core';\nimport { Hero } from '../hero';\n\nimport { HeroService } from '../hero.service';\nimport { MessageService } from '../message.service';\n\n@Component({\n  selector: 'app-heroes',\n  templateUrl: './heroes.component.html',\n  styleUrls: ['./heroes.component.css']\n})\n\nexport class HeroesComponent implements OnInit {\n  heroes: Hero[];\n\n  constructor(private heroService: HeroService) { }\n\n  ngOnInit() {\n    this.getHeroes();\n  }\n\n  getHeroes(): void {\n    this.heroService.getHeroes()\n    .subscribe(heroes => this.heroes = heroes);\n  }\n  add(name: string): void {\n    name = name.trim();\n    if (!name) { return; }\n    this.heroService.addHero({ name } as Hero)\n      .subscribe(hero => {\n        this.heroes.push(hero);\n      });\n  }\n  delete(hero: Hero): void {\n    this.heroes = this.heroes.filter(h => h !== hero);\n    this.heroService.deleteHero(hero).subscribe();\n  }\n}",
        "<h2>My Heroes</h2>\n<div>\n  <label\n    >Hero name:\n    <input #heroName data-cy=\"addhero-input\" />\n  </label>\n  <!-- (click) passes input value to add() and then clears the input -->\n  <button\n    (click)=\"add(heroName.value); heroName.value = ''\"\n    data-cy=\"add-button\"\n  >\n    add\n  </button>\n</div>\n<ul class=\"heroes\">\n  <li *ngFor=\"let hero of heroes\">\n    <a routerLink=\"/detail/{{ hero.id }}\" data-cy=\"list-of-heroes\">\n      <span class=\"badge\">{{ hero.id }}</span> {{ hero.name }}\n    </a>\n    <button class=\"delete\" title=\"delete hero\" (click)=\"delete(hero)\" data-cy=\"delete-button\">x</button>\n  </li>\n</ul>\n"
      ]
    },
    "_coverageSchema": "332fd63041d2c1bcb487cc26dd0d5f7d97098a6c",
    "hash": "bbd30d28ba24139feac4746e1e89f9de245de67c"
  },
  "C:\\Users\\user1\\Desktop\\files\\fronted\\Git-github\\angular-tour-of-heroes\\src\\app\\hero-search\\hero-search.component.ts": {
    "path": "C:\\Users\\user1\\Desktop\\files\\fronted\\Git-github\\angular-tour-of-heroes\\src\\app\\hero-search\\hero-search.component.ts",
    "statementMap": {
      "0": {
        "start": {
          "line": 8,
          "column": 54
        },
        "end": {
          "line": 14,
          "column": 1
        }
      },
      "1": {
        "start": {
          "line": 9,
          "column": 4
        },
        "end": {
          "line": 9,
          "column": 31
        }
      },
      "2": {
        "start": {
          "line": 10,
          "column": 4
        },
        "end": {
          "line": 10,
          "column": 33
        }
      },
      "3": {
        "start": {
          "line": 11,
          "column": 4
        },
        "end": {
          "line": 11,
          "column": 17
        }
      },
      "4": {
        "start": {
          "line": 12,
          "column": 4
        },
        "end": {
          "line": 12,
          "column": 22
        }
      },
      "5": {
        "start": {
          "line": 13,
          "column": 4
        },
        "end": {
          "line": 13,
          "column": 22
        }
      },
      "6": {
        "start": {
          "line": 14,
          "column": 2
        },
        "end": {
          "line": 20,
          "column": 1
        }
      },
      "7": {
        "start": {
          "line": 15,
          "column": 20
        },
        "end": {
          "line": 15,
          "column": 33
        }
      },
      "8": {
        "start": {
          "line": 16,
          "column": 4
        },
        "end": {
          "line": 16,
          "column": 20
        }
      },
      "9": {
        "start": {
          "line": 17,
          "column": 4
        },
        "end": {
          "line": 17,
          "column": 72
        }
      },
      "10": {
        "start": {
          "line": 18,
          "column": 4
        },
        "end": {
          "line": 18,
          "column": 20
        }
      },
      "11": {
        "start": {
          "line": 19,
          "column": 4
        },
        "end": {
          "line": 19,
          "column": 50
        }
      },
      "12": {
        "start": {
          "line": 23,
          "column": 8
        },
        "end": {
          "line": 23,
          "column": 39
        }
      },
      "13": {
        "start": {
          "line": 24,
          "column": 8
        },
        "end": {
          "line": 24,
          "column": 41
        }
      },
      "14": {
        "start": {
          "line": 28,
          "column": 8
        },
        "end": {
          "line": 28,
          "column": 36
        }
      },
      "15": {
        "start": {
          "line": 31,
          "column": 8
        },
        "end": {
          "line": 37,
          "column": 66
        }
      },
      "16": {
        "start": {
          "line": 37,
          "column": 28
        },
        "end": {
          "line": 37,
          "column": 63
        }
      },
      "17": {
        "start": {
          "line": 40,
          "column": 0
        },
        "end": {
          "line": 40,
          "column": 148
        }
      },
      "18": {
        "start": {
          "line": 40,
          "column": 69
        },
        "end": {
          "line": 40,
          "column": 145
        }
      },
      "19": {
        "start": {
          "line": 41,
          "column": 0
        },
        "end": {
          "line": 60,
          "column": 296
        }
      },
      "20": {
        "start": {
          "line": 41,
          "column": 394
        },
        "end": {
          "line": 57,
          "column": 5
        }
      },
      "21": {
        "start": {
          "line": 42,
          "column": 20
        },
        "end": {
          "line": 42,
          "column": 41
        }
      },
      "22": {
        "start": {
          "line": 43,
          "column": 8
        },
        "end": {
          "line": 43,
          "column": 39
        }
      },
      "23": {
        "start": {
          "line": 44,
          "column": 8
        },
        "end": {
          "line": 44,
          "column": 35
        }
      },
      "24": {
        "start": {
          "line": 45,
          "column": 8
        },
        "end": {
          "line": 45,
          "column": 41
        }
      },
      "25": {
        "start": {
          "line": 46,
          "column": 8
        },
        "end": {
          "line": 46,
          "column": 36
        }
      },
      "26": {
        "start": {
          "line": 47,
          "column": 8
        },
        "end": {
          "line": 47,
          "column": 26
        }
      },
      "27": {
        "start": {
          "line": 48,
          "column": 8
        },
        "end": {
          "line": 48,
          "column": 26
        }
      },
      "28": {
        "start": {
          "line": 49,
          "column": 8
        },
        "end": {
          "line": 49,
          "column": 44
        }
      },
      "29": {
        "start": {
          "line": 50,
          "column": 8
        },
        "end": {
          "line": 50,
          "column": 183
        }
      },
      "30": {
        "start": {
          "line": 50,
          "column": 96
        },
        "end": {
          "line": 50,
          "column": 118
        }
      },
      "31": {
        "start": {
          "line": 50,
          "column": 131
        },
        "end": {
          "line": 50,
          "column": 148
        }
      },
      "32": {
        "start": {
          "line": 50,
          "column": 150
        },
        "end": {
          "line": 50,
          "column": 179
        }
      },
      "33": {
        "start": {
          "line": 51,
          "column": 8
        },
        "end": {
          "line": 51,
          "column": 26
        }
      },
      "34": {
        "start": {
          "line": 52,
          "column": 8
        },
        "end": {
          "line": 52,
          "column": 38
        }
      },
      "35": {
        "start": {
          "line": 53,
          "column": 8
        },
        "end": {
          "line": 53,
          "column": 75
        }
      },
      "36": {
        "start": {
          "line": 54,
          "column": 8
        },
        "end": {
          "line": 54,
          "column": 30
        }
      },
      "37": {
        "start": {
          "line": 55,
          "column": 8
        },
        "end": {
          "line": 55,
          "column": 26
        }
      },
      "38": {
        "start": {
          "line": 56,
          "column": 8
        },
        "end": {
          "line": 56,
          "column": 26
        }
      },
      "39": {
        "start": {
          "line": 57,
          "column": 6
        },
        "end": {
          "line": 60,
          "column": 5
        }
      },
      "40": {
        "start": {
          "line": 58,
          "column": 8
        },
        "end": {
          "line": 58,
          "column": 24
        }
      },
      "41": {
        "start": {
          "line": 59,
          "column": 8
        },
        "end": {
          "line": 59,
          "column": 68
        }
      },
      "42": {
        "start": {
          "line": 61,
          "column": 14
        },
        "end": {
          "line": 68,
          "column": 72
        }
      },
      "43": {
        "start": {
          "line": 61,
          "column": 29
        },
        "end": {
          "line": 68,
          "column": 66
        }
      },
      "44": {
        "start": {
          "line": 68,
          "column": 22
        },
        "end": {
          "line": 68,
          "column": 56
        }
      }
    },
    "fnMap": {
      "0": {
        "name": "HeroSearchComponent_li_7_Template",
        "decl": {
          "start": {
            "line": 8,
            "column": 9
          },
          "end": {
            "line": 8,
            "column": 42
          }
        },
        "loc": {
          "start": {
            "line": 8,
            "column": 52
          },
          "end": {
            "line": 20,
            "column": 3
          }
        },
        "line": 8
      },
      "1": {
        "name": "(anonymous_1)",
        "decl": {
          "start": {
            "line": 22,
            "column": 4
          },
          "end": {
            "line": 22,
            "column": 5
          }
        },
        "loc": {
          "start": {
            "line": 22,
            "column": 29
          },
          "end": {
            "line": 25,
            "column": 5
          }
        },
        "line": 22
      },
      "2": {
        "name": "(anonymous_2)",
        "decl": {
          "start": {
            "line": 27,
            "column": 4
          },
          "end": {
            "line": 27,
            "column": 5
          }
        },
        "loc": {
          "start": {
            "line": 27,
            "column": 17
          },
          "end": {
            "line": 29,
            "column": 5
          }
        },
        "line": 27
      },
      "3": {
        "name": "(anonymous_3)",
        "decl": {
          "start": {
            "line": 30,
            "column": 4
          },
          "end": {
            "line": 30,
            "column": 5
          }
        },
        "loc": {
          "start": {
            "line": 30,
            "column": 15
          },
          "end": {
            "line": 38,
            "column": 5
          }
        },
        "line": 30
      },
      "4": {
        "name": "(anonymous_4)",
        "decl": {
          "start": {
            "line": 37,
            "column": 18
          },
          "end": {
            "line": 37,
            "column": 19
          }
        },
        "loc": {
          "start": {
            "line": 37,
            "column": 28
          },
          "end": {
            "line": 37,
            "column": 63
          }
        },
        "line": 37
      },
      "5": {
        "name": "HeroSearchComponent_Factory",
[...]
    "path": "C:\\Users\\user1\\Desktop\\files\\fronted\\Git-github\\angular-tour-of-heroes\\src\\app\\in-memory-data.service.ts",
    "statementMap": {
      "0": {
        "start": {
          "line": 5,
          "column": 23
        },
        "end": {
          "line": 16,
          "column": 9
        }
      },
      "1": {
        "start": {
          "line": 17,
          "column": 8
        },
        "end": {
          "line": 17,
          "column": 26
        }
      },
      "2": {
        "start": {
          "line": 25,
          "column": 8
        },
        "end": {
          "line": 25,
          "column": 85
        }
      },
      "3": {
        "start": {
          "line": 25,
          "column": 66
        },
        "end": {
          "line": 25,
          "column": 73
        }
      },
      "4": {
        "start": {
          "line": 28,
          "column": 0
        },
        "end": {
          "line": 28,
          "column": 112
        }
      },
      "5": {
        "start": {
          "line": 28,
          "column": 69
        },
        "end": {
          "line": 28,
          "column": 109
        }
      },
      "6": {
        "start": {
          "line": 29,
          "column": 0
        },
        "end": {
          "line": 29,
          "column": 137
        }
      },
      "7": {
        "start": {
          "line": 30,
          "column": 14
        },
        "end": {
          "line": 35,
          "column": 26
        }
      },
      "8": {
        "start": {
          "line": 30,
          "column": 29
        },
        "end": {
          "line": 35,
          "column": 20
        }
      }
    },
    "fnMap": {
      "0": {
        "name": "(anonymous_0)",
        "decl": {
          "start": {
            "line": 4,
            "column": 4
          },
          "end": {
            "line": 4,
            "column": 5
          }
        },
        "loc": {
          "start": {
            "line": 4,
            "column": 15
          },
          "end": {
            "line": 18,
            "column": 5
          }
        },
        "line": 4
      },
      "1": {
        "name": "(anonymous_1)",
        "decl": {
          "start": {
            "line": 24,
            "column": 4
          },
          "end": {
            "line": 24,
            "column": 5
          }
        },
        "loc": {
          "start": {
            "line": 24,
            "column": 18
          },
          "end": {
            "line": 26,
            "column": 5
          }
        },
        "line": 24
      },
      "2": {
        "name": "(anonymous_2)",
        "decl": {
          "start": {
            "line": 25,
            "column": 58
          },
          "end": {
            "line": 25,
            "column": 59
          }
        },
        "loc": {
          "start": {
            "line": 25,
            "column": 66
          },
          "end": {
            "line": 25,
            "column": 73
          }
        },
        "line": 25
      },
      "3": {
        "name": "InMemoryDataService_Factory",
        "decl": {
          "start": {
            "line": 28,
            "column": 36
          },
          "end": {
            "line": 28,
            "column": 63
          }
        },
        "loc": {
          "start": {
            "line": 28,
            "column": 67
          },
          "end": {
            "line": 28,
            "column": 111
          }
        },
        "line": 28
      },
      "4": {
        "name": "(anonymous_4)",
        "decl": {
          "start": {
            "line": 30,
            "column": 15
          },
          "end": {
            "line": 30,
            "column": 16
          }
        },
        "loc": {
          "start": {
            "line": 30,
            "column": 27
          },
          "end": {
            "line": 35,
            "column": 22
          }
        },
        "line": 30
      }
    },
    "branchMap": {
      "0": {
        "loc": {
          "start": {
            "line": 25,
            "column": 15
          },
          "end": {
            "line": 25,
            "column": 84
          }
        },
        "type": "cond-expr",
        "locations": [
          {
            "start": {
              "line": 25,
              "column": 35
            },
            "end": {
              "line": 25,
              "column": 79
            }
          },
          {
            "start": {
              "line": 25,
              "column": 82
            },
            "end": {
              "line": 25,
              "column": 84
            }
          }
        ],
        "line": 25
      },
      "1": {
        "loc": {
          "start": {
            "line": 28,
            "column": 81
          },
          "end": {
            "line": 28,
            "column": 105
          }
        },
        "type": "binary-expr",
        "locations": [
          {
            "start": {
              "line": 28,
              "column": 81
            },
            "end": {
              "line": 28,
              "column": 82
            }
          },
          {
            "start": {
              "line": 28,
              "column": 86
            },
            "end": {
              "line": 28,
              "column": 105
            }
          }
        ],
        "line": 28
      }
    },
    "s": {
      "0": 2,
      "1": 2,
      "2": 0,
      "3": 0,
      "4": 3,
      "5": 2,
      "6": 3,
      "7": 3,
      "8": 3
    },
    "f": {
      "0": 2,
      "1": 0,
      "2": 0,
      "3": 2,
      "4": 3
    },
    "b": {
      "0": [
        0,
        0
      ],
      "1": [
        2,
        2
      ]
    },
    "inputSourceMap": {
      "version": 3,
      "file": "in-memory-data.service.js",
      "sourceRoot": "",
      "sources": [
        "C:\\Users\\user1\\Desktop\\files\\fronted\\Git-github\\angular-tour-of-heroes\\src\\app\\in-memory-data.service.ts"
      ],
      "names": [],
      "mappings": "AAAA,OAAO,EAAE,UAAU,EAAE,MAAM,eAAe,CAAC;;AAO3C,MAAM,OAAO,mBAAmB;IAC9B,QAAQ;QACN,MAAM,MAAM,GAAG;YACb,EAAE,EAAE,EAAE,EAAE,EAAE,IAAI,EAAE,SAAS,EAAE;YAC3B,EAAE,EAAE,EAAE,EAAE,EAAE,IAAI,EAAE,OAAO,EAAE;YACzB,EAAE,EAAE,EAAE,EAAE,EAAE,IAAI,EAAE,UAAU,EAAE;YAC5B,EAAE,EAAE,EAAE,EAAE,EAAE,IAAI,EAAE,WAAW,EAAE;YAC7B,EAAE,EAAE,EAAE,EAAE,EAAE,IAAI,EAAE,SAAS,EAAE;YAC3B,EAAE,EAAE,EAAE,EAAE,EAAE,IAAI,EAAE,WAAW,EAAE;YAC7B,EAAE,EAAE,EAAE,EAAE,EAAE,IAAI,EAAE,QAAQ,EAAE;YAC1B,EAAE,EAAE,EAAE,EAAE,EAAE,IAAI,EAAE,OAAO,EAAE;YACzB,EAAE,EAAE,EAAE,EAAE,EAAE,IAAI,EAAE,OAAO,EAAE;YACzB,EAAE,EAAE,EAAE,EAAE,EAAE,IAAI,EAAE,SAAS,EAAE;SAC5B,CAAC;QACF,OAAO,EAAC,MAAM,EAAC,CAAC;IAClB,CAAC;IAED,qEAAqE;IACrE,gCAAgC;IAChC,oDAAoD;IACpD,yEAAyE;IACzE,eAAe;IACf,KAAK,CAAC,MAAc;QAClB,OAAO,MAAM,CAAC,MAAM,GAAG,CAAC,CAAC,CAAC,CAAC,IAAI,CAAC,GAAG,CAAC,GAAG,MAAM,CAAC,GAAG,CAAC,IAAI,CAAC,EAAE,CAAC,IAAI,CAAC,EAAE,CAAC,CAAC,GAAG,CAAC,CAAC,CAAC,CAAC,EAAE,CAAC;IAC/E,CAAC;;sFAxBU,mBAAmB;2DAAnB,mBAAmB,WAAnB,mBAAmB,mBAFlB,MAAM;kDAEP,mBAAmB;cAH/B,UAAU;eAAC;gBACV,UAAU,EAAE,MAAM;aACnB",
      "sourcesContent": [
        "import { Injectable } from '@angular/core';\nimport { InMemoryDbService } from 'angular-in-memory-web-api';\nimport { Hero } from './hero';\n\n@Injectable({\n  providedIn: 'root',\n})\nexport class InMemoryDataService implements InMemoryDbService {\n  createDb() {\n    const heroes = [\n      { id: 11, name: 'Dr Nice' },\n      { id: 12, name: 'Narco' },\n      { id: 13, name: 'Bombasto' },\n      { id: 14, name: 'Celeritas' },\n      { id: 15, name: 'Magneta' },\n      { id: 16, name: 'RubberMan' },\n      { id: 17, name: 'Dynama' },\n      { id: 18, name: 'Dr IQ' },\n      { id: 19, name: 'Magma' },\n      { id: 20, name: 'Tornado' }\n    ];\n    return {heroes};\n  }\n\n  // Overrides the genId method to ensure that a hero always has an id.\n  // If the heroes array is empty,\n  // the method below returns the initial number (11).\n  // if the heroes array is not empty, the method below returns the highest\n  // hero id + 1.\n  genId(heroes: Hero[]): number {\n    return heroes.length > 0 ? Math.max(...heroes.map(hero => hero.id)) + 1 : 11;\n  }\n}"
      ]
    },
    "_coverageSchema": "332fd63041d2c1bcb487cc26dd0d5f7d97098a6c",
    "hash": "9e5234293036ca9595ba961e078cc737b11ea388"
  },
  "C:\\Users\\user1\\Desktop\\files\\fronted\\Git-github\\angular-tour-of-heroes\\src\\app\\app.module.ts": {
    "path": "C:\\Users\\user1\\Desktop\\files\\fronted\\Git-github\\angular-tour-of-heroes\\src\\app\\app.module.ts",
    "statementMap": {
      "0": {
        "start": {
          "line": 19,
          "column": 0
        },
        "end": {
          "line": 19,
          "column": 85
        }
      },
      "1": {
        "start": {
          "line": 20,
          "column": 0
        },
        "end": {
          "line": 31,
          "column": 14
        }
      },
      "2": {
        "start": {
          "line": 20,
          "column": 80
        },
        "end": {
          "line": 20,
          "column": 110
        }
      },
      "3": {
        "start": {
          "line": 32,
          "column": 0
        },
        "end": {
          "line": 42,
          "column": 70
        }
      },
      "4": {
        "start": {
          "line": 32,
          "column": 15
        },
        "end": {
          "line": 42,
          "column": 64
        }
      },
      "5": {
        "start": {
          "line": 43,
          "column": 14
        },
        "end": {
          "line": 69,
          "column": 26
        }
      },
      "6": {
        "start": {
          "line": 43,
          "column": 29
        },
        "end": {
          "line": 69,
          "column": 20
        }
      }
    },
    "fnMap": {
      "0": {
        "name": "AppModule_Factory",
        "decl": {
          "start": {
            "line": 20,
            "column": 57
          },
          "end": {
            "line": 20,
            "column": 74
          }
        },
        "loc": {
          "start": {
            "line": 20,
            "column": 78
          },
          "end": {
            "line": 20,
            "column": 112
          }
        },
        "line": 20
      },
      "1": {
        "name": "(anonymous_1)",
        "decl": {
          "start": {
            "line": 32,
            "column": 1
          },
          "end": {
            "line": 32,
            "column": 2
          }
        },
        "loc": {
          "start": {
            "line": 32,
            "column": 13
          },
          "end": {
            "line": 42,
            "column": 66
          }
        },
        "line": 32
      },
      "2": {
        "name": "(anonymous_2)",
        "decl": {
          "start": {
            "line": 43,
            "column": 15
          },
          "end": {
            "line": 43,
            "column": 16
          }
        },
        "loc": {
          "start": {
            "line": 43,
            "column": 27
          },
          "end": {
            "line": 69,
            "column": 22
          }
        },
        "line": 43
      }
    },
    "branchMap": {
      "0": {
        "loc": {
          "start": {
            "line": 20,
            "column": 92
          },
          "end": {
            "line": 20,
            "column": 106
          }
        },
        "type": "binary-expr",
        "locations": [
          {
            "start": {
              "line": 20,
              "column": 92
            },
            "end": {
              "line": 20,
              "column": 93
            }
          },
          {
            "start": {
              "line": 20,
              "column": 97
            },
            "end": {
              "line": 20,
              "column": 106
            }
          }
        ],
        "line": 20
      },
      "1": {
        "loc": {
          "start": {
            "line": 32,
            "column": 15
          },
          "end": {
            "line": 42,
            "column": 63
          }
        },
        "type": "binary-expr",
        "locations": [
          {
            "start": {
              "line": 32,
              "column": 16
            },
            "end": {
              "line": 32,
              "column": 48
            }
          },
          {
            "start": {
              "line": 32,
              "column": 52
            },
            "end": {
              "line": 32,
              "column": 61
            }
          },
          {
            "start": {
              "line": 32,
              "column": 66
            },
            "end": {
              "line": 42,
              "column": 63
            }
          }
        ],
        "line": 32
      }
    },
    "s": {
      "0": 3,
      "1": 3,
      "2": 3,
      "3": 3,
      "4": 3,
      "5": 3,
      "6": 3
    },
    "f": {
      "0": 3,
      "1": 3,
      "2": 3
    },
    "b": {
      "0": [
        3,
        3
      ],
      "1": [
        3,
        0,
        3
      ]
    },
    "inputSourceMap": {
      "version": 3,
      "file": "app.module.js",
      "sourceRoot": "",
      "sources": [
        "C:\\Users\\user1\\Desktop\\files\\fronted\\Git-github\\angular-tour-of-heroes\\src\\app\\app.module.ts"
      ],
      "names": [],
      "mappings": "AAAA,OAAO,EAAE,aAAa,EAAE,MAAM,2BAA2B,CAAC;AAC1D,OAAO,EAAE,QAAQ,EAAE,MAAM,eAAe,CAAC;AAEzC,OAAO,EAAE,gBAAgB,EAAE,MAAM,sBAAsB,CAAC;AACxD,OAAO,EAAE,YAAY,EAAE,MAAM,iBAAiB,CAAC;AAC/C,OAAO,EAAE,eAAe,EAAE,MAAM,2BAA2B,CAAC;AAE5D,OAAO,EAAE,WAAW,EAAE,MAAM,gBAAgB,CAAC;AAC7C,OAAO,EAAE,mBAAmB,EAAE,MAAM,qCAAqC,CAAC;AAC1E,OAAO,EAAE,iBAAiB,EAAE,MAAM,+BAA+B,CAAC;AAClE,OAAO,EAAE,kBAAkB,EAAE,MAAM,iCAAiC,CAAC,CAAC,yBAAyB;AAE/F,OAAO,EAAE,gBAAgB,EAAE,MAAM,sBAAsB,CAAC;AACxD,OAAO,EAAE,8BAA8B,EAAE,MAAM,2BAA2B,CAAC;AAC3E,OAAO,EAAE,mBAAmB,EAAE,MAAM,0BAA0B,CAAC;AAC/D,OAAO,EAAE,mBAAmB,EAAE,MAAM,qCAAqC,CAAC;AAC1E,OAAO,EAAC,YAAY,EAAC,MAAM,iBAAiB,CAAA;;;AA6B5C,MAAM,OAAO,SAAS;;6CAAT,SAAS,cAFR,YAAY;iGAEb,SAAS,mBAHT,EAAE,YAfJ;YACP,YAAY;YACZ,aAAa;YACb,gBAAgB;YAChB,WAAW;YACX,gBAAgB;YAChB,gBAAgB;YAEhB,qEAAqE;YACrE,0CAA0C;YAC1C,6DAA6D;YAC7D,8BAA8B,CAAC,OAAO,CACtC,mBAAmB,EAAE,EAAE,iBAAiB,EAAE,KAAK,EAAE,CAChD;SACF;wFAIU,SAAS,mBAzBlB,YAAY;QACZ,eAAe;QACf,mBAAmB;QACnB,iBAAiB;QACjB,kBAAkB;QAClB,mBAAmB,aAGnB,YAAY;QACZ,aAAa;QACb,gBAAgB;QAChB,WAAW;QACX,gBAAgB;QAChB,gBAAgB;kDAYP,SAAS;cA3BrB,QAAQ;eAAC;gBACR,YAAY,EAAE;oBACZ,YAAY;oBACZ,eAAe;oBACf,mBAAmB;oBACnB,iBAAiB;oBACjB,kBAAkB;oBAClB,mBAAmB;iBACpB;gBACD,OAAO,EAAE;oBACP,YAAY;oBACZ,aAAa;oBACb,gBAAgB;oBAChB,WAAW;oBACX,gBAAgB;oBAChB,gBAAgB;oBAEhB,qEAAqE;oBACrE,0CAA0C;oBAC1C,6DAA6D;oBAC7D,8BAA8B,CAAC,OAAO,CACtC,mBAAmB,EAAE,EAAE,iBAAiB,EAAE,KAAK,EAAE,CAChD;iBACF;gBACD,SAAS,EAAE,EAAE;gBACb,SAAS,EAAE,CAAC,YAAY,CAAC;aAC1B",
      "sourcesContent": [
        "import { BrowserModule } from '@angular/platform-browser';\nimport { NgModule } from '@angular/core';\n\nimport { AppRoutingModule } from './app-routing.module';\nimport { AppComponent } from './app.component';\nimport { HeroesComponent } from './heroes/heroes.component';\n\nimport { FormsModule } from '@angular/forms';\nimport { HeroDetailComponent } from './hero-detail/hero-detail.component';\nimport { MessagesComponent } from './messages/messages.component';\nimport { DashboardComponent } from './dashboard/dashboard.component'; // <-- NgModel lives here\n\nimport { HttpClientModule } from '@angular/common/http';\nimport { HttpClientInMemoryWebApiModule } from 'angular-in-memory-web-api';\nimport { InMemoryDataService } from './in-memory-data.service';\nimport { HeroSearchComponent } from './hero-search/hero-search.component';\nimport {CommonModule} from '@angular/common'\n\n@NgModule({\n  declarations: [\n    AppComponent,\n    HeroesComponent,\n    HeroDetailComponent,\n    MessagesComponent,\n    DashboardComponent,\n    HeroSearchComponent,\n  ],\n  imports: [\n    CommonModule, \n    BrowserModule,\n    AppRoutingModule,\n    FormsModule,\n    HttpClientModule,\n    HttpClientModule,\n\n    // The HttpClientInMemoryWebApiModule module intercepts HTTP requests\n    // and returns simulated server responses.\n    // Remove it when a real server is ready to receive requests.\n    HttpClientInMemoryWebApiModule.forRoot(\n    InMemoryDataService, { dataEncapsulation: false }\n    )\n  ],\n  providers: [],\n  bootstrap: [AppComponent]\n})\nexport class AppModule { }\n"
      ]
    },
    "_coverageSchema": "332fd63041d2c1bcb487cc26dd0d5f7d97098a6c",
    "hash": "e5130af2be434deeafc5f5a45b0a7efcf9fc0685"
  },
  "C:\\Users\\user1\\Desktop\\files\\fronted\\Git-github\\angular-tour-of-heroes\\src\\main.ts": {
    "path": "C:\\Users\\user1\\Desktop\\files\\fronted\\Git-github\\angular-tour-of-heroes\\src\\main.ts",
    "statementMap": {
      "0": {
        "start": {
          "line": 5,
          "column": 0
        },
        "end": {
          "line": 7,
          "column": 1
        }
      },
      "1": {
        "start": {
          "line": 6,
          "column": 4
        },
        "end": {
          "line": 6,
          "column": 21
        }
      },
      "2": {
        "start": {
          "line": 8,
          "column": 0
        },
        "end": {
          "line": 9,
          "column": 38
        }
      },
      "3": {
        "start": {
          "line": 9,
          "column": 18
        },
        "end": {
          "line": 9,
          "column": 36
        }
      }
    },
    "fnMap": {
      "0": {
        "name": "(anonymous_0)",
        "decl": {
          "start": {
            "line": 9,
            "column": 11
          },
          "end": {
            "line": 9,
            "column": 12
          }
        },
        "loc": {
          "start": {
            "line": 9,
            "column": 18
          },
          "end": {
            "line": 9,
            "column": 36
          }
        },
        "line": 9
      }
    },
    "branchMap": {
      "0": {
        "loc": {
          "start": {
            "line": 5,
            "column": 0
          },
          "end": {
            "line": 7,
            "column": 1
          }
        },
        "type": "if",
        "locations": [
          {
            "start": {
              "line": 5,
              "column": 0
            },
            "end": {
              "line": 7,
              "column": 1
            }
          },
          {
            "start": {
              "line": 5,
              "column": 0
            },
            "end": {
              "line": 7,
              "column": 1
            }
          }
        ],
        "line": 5
      }
    },
    "s": {
      "0": 3,
      "1": 0,
      "2": 3,
      "3": 0
    },
    "f": {
      "0": 0
    },
    "b": {
      "0": [
        0,
        3
      ]
    },
    "inputSourceMap": {
      "version": 3,
      "file": "main.js",
      "sourceRoot": "",
      "sources": [
        "C:\\Users\\user1\\Desktop\\files\\fronted\\Git-github\\angular-tour-of-heroes\\src\\main.ts"
      ],
      "names": [],
      "mappings": "AAAA,OAAO,EAAE,cAAc,EAAE,MAAM,eAAe,CAAC;AAI/C,OAAO,EAAE,WAAW,EAAE,MAAM,4BAA4B,CAAC;;;AAEzD,IAAI,WAAW,CAAC,UAAU,EAAE;IAC1B,cAAc,EAAE,CAAC;CAClB;AAED,qCAAwB,gBAAgB,+BAAW;KAChD,KAAK,CAAC,GAAG,CAAC,EAAE,CAAC,OAAO,CAAC,KAAK,CAAC,GAAG,CAAC,CAAC,CAAC",
      "sourcesContent": [
        "import { enableProdMode } from '@angular/core';\nimport { platformBrowserDynamic } from '@angular/platform-browser-dynamic';\n\nimport { AppModule } from './app/app.module';\nimport { environment } from './environments/environment';\n\nif (environment.production) {\n  enableProdMode();\n}\n\nplatformBrowserDynamic().bootstrapModule(AppModule)\n  .catch(err => console.error(err));\n"
      ]
    },
    "_coverageSchema": "332fd63041d2c1bcb487cc26dd0d5f7d97098a6c",
    "hash": "cfafe2fc3cac7460bea5af91968f1dbe2aae247c"
  }
}